Loading the manifest data
Loading super manfiest files from all sources
Getting manifests from remote and/or local sources
Processing system manifest 'https://modustoolbox.infineon.com/manifests/mtb-super-manifest/v2.X/mtb-super-manifest-fv2.xml'
Downloading super manifest file 'https://modustoolbox.infineon.com/manifests/mtb-super-manifest/v2.X/mtb-super-manifest-fv2.xml'
Finished loading super manifest files from all sources
Finished download of file 'https://modustoolbox.infineon.com/manifests/mtb-super-manifest/v2.X/mtb-super-manifest-fv2.xml'
Starting to parse super manifest with URL 'https://modustoolbox.infineon.com/manifests/mtb-super-manifest/v2.X/mtb-super-manifest-fv2.xml'
Finished parsing super manifest with URL 'https://modustoolbox.infineon.com/manifests/mtb-super-manifest/v2.X/mtb-super-manifest-fv2.xml'
Downloading manifest file 'https://github.com/Infineon/mtb-ce-manifest/raw/v2.X/mtb-ce-manifest.xml'
Downloading manifest file 'https://github.com/Infineon/mtb-ce-manifest/raw/v2.X/mtb-ce-manifest-fv2.xml'
Downloading manifest file 'https://github.com/Infineon/mtb-bt-app-manifest/raw/v2.X/mtb-bt-app-manifest.xml'
Downloading manifest file 'https://github.com/Infineon/mtb-bt-app-manifest/raw/v2.X/mtb-bt-app-manifest-fv2.xml'
Downloading manifest file 'https://github.com/Infineon/cce-app-manifest/raw/v2.X/cce-app-manifest-fv2.xml'
Downloading manifest file 'https://github.com/Altia-Marketing/altia-ce-manifest/raw/main/altia-ce-manifest-fv2.xml'
Downloading manifest file 'https://github.com/CyberonEBU/cyberon-mtb-ce-manifest/raw/main/cyberon-mtb-ce-manifest-fv2.xml'
Downloading manifest file 'https://github.com/edgeimpulse/edgeimpulse-ce-manifest/raw/main/edgeimpulse-ce-manifest-fv2.xml'
Downloading manifest file 'https://github.com/golioth/mtb-golioth-ce-manifest/raw/main/mtb-golioth-ce-manifest-fv2.xml'
Downloading manifest file 'https://github.com/memfault/mtb-memfault-ce-manifest/raw/main/mtb-memfault-ce-manifest-fv2.xml'
Downloading manifest file 'https://github.com/RutronikSystemSolutions/rutronik-ce-manifest/raw/main/rutronik-ce-manifest-fv2.xml'
Downloading manifest file 'https://github.com/sensiml/sensiml-ce-manifest/raw/main/sensiml-ce-manifest-fv2.xml'
Downloading manifest file 'https://github.com/Infineon/mtb-bsp-manifest/raw/v2.X/mtb-bsp-manifest.xml'
Downloading manifest file 'https://github.com/Infineon/mtb-bsp-manifest/raw/v2.X/mtb-bsp-manifest-fv2.xml'
Downloading manifest file 'https://github.com/Infineon/mtb-bsp-manifest/raw/v2.X/mtb-bsp-dependencies-manifest.xml'
Downloading manifest file 'https://github.com/Infineon/mtb-bt-bsp-manifest/raw/v2.X/mtb-bt-bsp-manifest.xml'
Downloading manifest file 'https://github.com/Infineon/mtb-bt-bsp-manifest/raw/v2.X/mtb-bt-bsp-manifest-fv2.xml'
Downloading manifest file 'https://github.com/Infineon/mtb-bt-bsp-manifest/raw/v2.X/mtb-bt-bsp-dependencies-manifest.xml'
Downloading manifest file 'https://github.com/RutronikSystemSolutions/rutronik-bsp-manifest/raw/main/rutronik-bsp-manifest-fv2.xml'
Downloading manifest file 'https://github.com/RutronikSystemSolutions/rutronik-bsp-manifest/raw/main/rutronik-bsp-dependencies-manifest.xml'
Downloading manifest file 'https://github.com/Infineon/mtb-mw-manifest/raw/v2.X/mtb-mw-manifest.xml'
Downloading manifest file 'https://github.com/Infineon/mtb-mw-manifest/raw/v2.X/mtb-mw-manifest-fv2.xml'
Downloading manifest file 'https://github.com/Infineon/mtb-mw-manifest/raw/v2.X/mtb-mw-dependencies-manifest.xml'
Downloading manifest file 'https://github.com/Infineon/mtb-bt-mw-manifest/raw/v2.X/mtb-bt-mw-manifest.xml'
Downloading manifest file 'https://github.com/Infineon/mtb-bt-mw-manifest/raw/v2.X/mtb-bt-mw-manifest-fv2.xml'
Downloading manifest file 'https://github.com/Infineon/mtb-bt-mw-manifest/raw/v2.X/mtb-bt-mw-dependencies-manifest.xml'
Downloading manifest file 'https://github.com/Infineon/mtb-wifi-mw-manifest/raw/v2.X/mtb-wifi-mw-manifest.xml'
Downloading manifest file 'https://github.com/Infineon/mtb-wifi-mw-manifest/raw/v2.X/mtb-wifi-mw-manifest-fv2.xml'
Downloading manifest file 'https://github.com/Infineon/mtb-wifi-mw-manifest/raw/v2.X/mtb-wifi-mw-dependencies-manifest.xml'
Downloading manifest file 'https://github.com/CyberonEBU/cyberon-mtb-mw-manifest/raw/main/cyberon-mtb-mw-manifest-fv2.xml'
Downloading manifest file 'https://github.com/golioth/mtb-golioth-mw-manifest/raw/main/mtb-golioth-mw-manifest-fv2.xml'
Downloading manifest file 'https://github.com/memfault/mtb-memfault-mw-manifest/raw/main/mtb-memfault-mw-manifest-fv2.xml'
Downloading manifest file 'https://github.com/sensiml/sensiml-mw-manifest/raw/main/sensiml-mw-manifest-fv2.xml'
Finished download of file 'https://github.com/Infineon/mtb-ce-manifest/raw/v2.X/mtb-ce-manifest.xml'
Finished download of file 'https://github.com/Infineon/mtb-ce-manifest/raw/v2.X/mtb-ce-manifest-fv2.xml'
Finished download of file 'https://github.com/Infineon/mtb-bt-app-manifest/raw/v2.X/mtb-bt-app-manifest.xml'
Finished download of file 'https://github.com/Infineon/mtb-bt-app-manifest/raw/v2.X/mtb-bt-app-manifest-fv2.xml'
Finished download of file 'https://github.com/Infineon/cce-app-manifest/raw/v2.X/cce-app-manifest-fv2.xml'
Finished download of file 'https://github.com/Altia-Marketing/altia-ce-manifest/raw/main/altia-ce-manifest-fv2.xml'
Finished download of file 'https://github.com/CyberonEBU/cyberon-mtb-ce-manifest/raw/main/cyberon-mtb-ce-manifest-fv2.xml'
Finished download of file 'https://github.com/edgeimpulse/edgeimpulse-ce-manifest/raw/main/edgeimpulse-ce-manifest-fv2.xml'
Finished download of file 'https://github.com/golioth/mtb-golioth-ce-manifest/raw/main/mtb-golioth-ce-manifest-fv2.xml'
Finished download of file 'https://github.com/memfault/mtb-memfault-ce-manifest/raw/main/mtb-memfault-ce-manifest-fv2.xml'
Finished download of file 'https://github.com/RutronikSystemSolutions/rutronik-ce-manifest/raw/main/rutronik-ce-manifest-fv2.xml'
Finished download of file 'https://github.com/sensiml/sensiml-ce-manifest/raw/main/sensiml-ce-manifest-fv2.xml'
Finished download of file 'https://github.com/Infineon/mtb-bsp-manifest/raw/v2.X/mtb-bsp-manifest.xml'
Finished download of file 'https://github.com/Infineon/mtb-bsp-manifest/raw/v2.X/mtb-bsp-manifest-fv2.xml'
Finished download of file 'https://github.com/Infineon/mtb-bsp-manifest/raw/v2.X/mtb-bsp-dependencies-manifest.xml'
Finished download of file 'https://github.com/Infineon/mtb-bt-bsp-manifest/raw/v2.X/mtb-bt-bsp-manifest.xml'
Finished download of file 'https://github.com/Infineon/mtb-bt-bsp-manifest/raw/v2.X/mtb-bt-bsp-manifest-fv2.xml'
Finished download of file 'https://github.com/Infineon/mtb-bt-bsp-manifest/raw/v2.X/mtb-bt-bsp-dependencies-manifest.xml'
Finished download of file 'https://github.com/RutronikSystemSolutions/rutronik-bsp-manifest/raw/main/rutronik-bsp-manifest-fv2.xml'
Finished download of file 'https://github.com/RutronikSystemSolutions/rutronik-bsp-manifest/raw/main/rutronik-bsp-dependencies-manifest.xml'
Finished download of file 'https://github.com/Infineon/mtb-mw-manifest/raw/v2.X/mtb-mw-manifest.xml'
Finished download of file 'https://github.com/Infineon/mtb-mw-manifest/raw/v2.X/mtb-mw-manifest-fv2.xml'
Finished download of file 'https://github.com/Infineon/mtb-mw-manifest/raw/v2.X/mtb-mw-dependencies-manifest.xml'
Finished download of file 'https://github.com/Infineon/mtb-bt-mw-manifest/raw/v2.X/mtb-bt-mw-manifest.xml'
Finished download of file 'https://github.com/Infineon/mtb-bt-mw-manifest/raw/v2.X/mtb-bt-mw-manifest-fv2.xml'
Finished download of file 'https://github.com/Infineon/mtb-bt-mw-manifest/raw/v2.X/mtb-bt-mw-dependencies-manifest.xml'
Finished download of file 'https://github.com/Infineon/mtb-wifi-mw-manifest/raw/v2.X/mtb-wifi-mw-manifest.xml'
Finished download of file 'https://github.com/Infineon/mtb-wifi-mw-manifest/raw/v2.X/mtb-wifi-mw-manifest-fv2.xml'
Finished download of file 'https://github.com/Infineon/mtb-wifi-mw-manifest/raw/v2.X/mtb-wifi-mw-dependencies-manifest.xml'
Finished download of file 'https://github.com/CyberonEBU/cyberon-mtb-mw-manifest/raw/main/cyberon-mtb-mw-manifest-fv2.xml'
Finished download of file 'https://github.com/golioth/mtb-golioth-mw-manifest/raw/main/mtb-golioth-mw-manifest-fv2.xml'
Finished download of file 'https://github.com/memfault/mtb-memfault-mw-manifest/raw/main/mtb-memfault-mw-manifest-fv2.xml'
Finished download of file 'https://github.com/sensiml/sensiml-mw-manifest/raw/main/sensiml-mw-manifest-fv2.xml'
Finished loading the manifest data (3061 ms)
Loading the device db
Finished loading the device db (2094 ms)
INFO:directory 'C:/ProgramData/Infineon_Technologies_AG/Infineon-Toolbox' does not exist
INFO:Using the executable path for the tools directory.
0 error(s), 0 warning(s)
INFO:directory 'C:/ProgramData/Infineon_Technologies_AG/Infineon-Toolbox' does not exist
INFO:Using the executable path for the tools directory.

Summary: 

BSP: CY8CKIT-062S2-43012
Template Application(s): Wi-Fi TCP Client
Application(s) Root Path: C:/Users/mnb51/mtw

Press "Create" to create the selected application(s).

Collecting application data...

Info: The following entered on the command line will create the exact same project as that created with the GUI tool:
C:/Users/mnb51/ModusToolbox/tools_3.0/project-creator/project-creator-cli.exe --board-id CY8CKIT-062S2-43012 --board-uri https://github.com/cypresssemiconductorco/TARGET_CY8CKIT-062S2-43012 --board-commit latest-v4.X --app-id mtb-example-wifi-tcp-client --app-uri https://github.com/Infineon/mtb-example-wifi-tcp-client --app-commit latest-v3.X --cypress-tools C:/Users/mnb51/ModusToolbox/tools_3.0 --target-dir C:/Users/mnb51/mtw --user-app-name YT_WIFI_DEMO --use-modus-shell

Starting application creation for 'C:/Users/mnb51/mtw/YT_WIFI_DEMO'.
Acquiring the application source 'https://github.com/Infineon/mtb-example-wifi-tcp-client'.
Acquired application source successfully.
Loading the application.
Loaded the application successfully.
Processing project 'YT_WIFI_DEMO'.
Starting to commit changes to the filesystem and project 'mtb-example-wifi-tcp-client'.
Writing mtb file for asset 'CY8CKIT-062S2-43012' to the folder 'C:/Users/mnb51/mtw/YT_WIFI_DEMO/deps'.
Writing mtb file for asset 'abstraction-rtos' to the folder 'C:/Users/mnb51/mtw/YT_WIFI_DEMO/libs'.
Writing mtb file for asset 'clib-support' to the folder 'C:/Users/mnb51/mtw/YT_WIFI_DEMO/libs'.
Writing mtb file for asset 'connectivity-utilities' to the folder 'C:/Users/mnb51/mtw/YT_WIFI_DEMO/libs'.
Writing mtb file for asset 'mbedTLS Acceleration' to the folder 'C:/Users/mnb51/mtw/YT_WIFI_DEMO/libs'.
Writing mtb file for asset 'freertos' to the folder 'C:/Users/mnb51/mtw/YT_WIFI_DEMO/libs'.
Writing mtb file for asset 'lwip-freertos-integration' to the folder 'C:/Users/mnb51/mtw/YT_WIFI_DEMO/libs'.
Writing mtb file for asset 'lwip-network-interface-integration' to the folder 'C:/Users/mnb51/mtw/YT_WIFI_DEMO/libs'.
Writing mtb file for asset 'lwip' to the folder 'C:/Users/mnb51/mtw/YT_WIFI_DEMO/libs'.
Writing mtb file for asset 'mbedtls' to the folder 'C:/Users/mnb51/mtw/YT_WIFI_DEMO/libs'.
Writing mtb file for asset 'secure-sockets' to the folder 'C:/Users/mnb51/mtw/YT_WIFI_DEMO/libs'.
Writing mtb file for asset 'whd-bsp-integration' to the folder 'C:/Users/mnb51/mtw/YT_WIFI_DEMO/libs'.
Writing mtb file for asset 'wifi-connection-manager' to the folder 'C:/Users/mnb51/mtw/YT_WIFI_DEMO/libs'.
Writing mtb file for asset 'wifi-host-driver' to the folder 'C:/Users/mnb51/mtw/YT_WIFI_DEMO/libs'.
Writing mtb file for asset 'wpa3-external-supplicant' to the folder 'C:/Users/mnb51/mtw/YT_WIFI_DEMO/libs'.
Writing mtb file for asset 'cat1cm0p' to the folder 'C:/Users/mnb51/mtw/YT_WIFI_DEMO/libs'.
Writing mtb file for asset 'core-lib' to the folder 'C:/Users/mnb51/mtw/YT_WIFI_DEMO/libs'.
Writing mtb file for asset 'core-make' to the folder 'C:/Users/mnb51/mtw/YT_WIFI_DEMO/libs'.
Writing mtb file for asset 'mtb-hal-cat1' to the folder 'C:/Users/mnb51/mtw/YT_WIFI_DEMO/libs'.
Writing mtb file for asset 'mtb-pdl-cat1' to the folder 'C:/Users/mnb51/mtw/YT_WIFI_DEMO/libs'.
Writing mtb file for asset 'recipe-make-cat1a' to the folder 'C:/Users/mnb51/mtw/YT_WIFI_DEMO/libs'.
Writing mtb file for asset 'cmsis' to the folder 'C:/Users/mnb51/mtw/YT_WIFI_DEMO/libs'.
Writing mtb file for asset 'retarget-io' to the folder 'C:/Users/mnb51/mtw/YT_WIFI_DEMO/deps'.
Writing mtb file for asset 'serial-flash' to the folder 'C:/Users/mnb51/mtw/YT_WIFI_DEMO/deps'.
Writing mtb file for asset 'wifi-core-freertos-lwip-mbedtls' to the folder 'C:/Users/mnb51/mtw/YT_WIFI_DEMO/deps'.
Starting: git -C C:/Users/mnb51/.modustoolbox/git/cache/git/https___github.com_cypresssemiconductorco_TARGET_CY8CKIT-062S2-43012/TARGET_CY8CKIT-062S2-43012 config remote.origin.fetch 'refs/heads/*:refs/heads/*'
Starting: git -C C:/Users/mnb51/mtw/mtb_shared/retarget-io/release-v1.4.0 config remote.origin.fetch 'refs/heads/*:refs/heads/*'
Starting: git -C C:/Users/mnb51/mtw/mtb_shared/serial-flash/release-v1.3.0 config remote.origin.fetch 'refs/heads/*:refs/heads/*'
Starting: git -C C:/Users/mnb51/mtw/mtb_shared/wifi-core-freertos-lwip-mbedtls/release-v1.0.0 config remote.origin.fetch 'refs/heads/*:refs/heads/*'
Starting: git -C C:/Users/mnb51/mtw/mtb_shared/abstraction-rtos/release-v1.7.1 config remote.origin.fetch 'refs/heads/*:refs/heads/*'
Starting: git -C C:/Users/mnb51/mtw/mtb_shared/clib-support/release-v1.3.0 config remote.origin.fetch 'refs/heads/*:refs/heads/*'
Starting: git -C C:/Users/mnb51/mtw/mtb_shared/connectivity-utilities/release-v4.1.1 config remote.origin.fetch 'refs/heads/*:refs/heads/*'
Success: git -C C:/Users/mnb51/mtw/mtb_shared/serial-flash/release-v1.3.0 config remote.origin.fetch 'refs/heads/*:refs/heads/*'
Starting: git -C C:/Users/mnb51/mtw/mtb_shared/cy-mbedtls-acceleration/release-v1.5.0 config remote.origin.fetch 'refs/heads/*:refs/heads/*'
Success: git -C C:/Users/mnb51/.modustoolbox/git/cache/git/https___github.com_cypresssemiconductorco_TARGET_CY8CKIT-062S2-43012/TARGET_CY8CKIT-062S2-43012 config remote.origin.fetch 'refs/heads/*:refs/heads/*'
Starting: git -C C:/Users/mnb51/mtw/mtb_shared/freertos/release-v10.4.305 config remote.origin.fetch 'refs/heads/*:refs/heads/*'
Success: git -C C:/Users/mnb51/mtw/mtb_shared/retarget-io/release-v1.4.0 config remote.origin.fetch 'refs/heads/*:refs/heads/*'
Starting: git -C C:/Users/mnb51/mtw/mtb_shared/lwip-freertos-integration/release-v1.0.0 config remote.origin.fetch 'refs/heads/*:refs/heads/*'
Success: git -C C:/Users/mnb51/mtw/mtb_shared/wifi-core-freertos-lwip-mbedtls/release-v1.0.0 config remote.origin.fetch 'refs/heads/*:refs/heads/*'
Starting: git -C C:/Users/mnb51/mtw/mtb_shared/lwip-network-interface-integration/release-v1.1.2 config remote.origin.fetch 'refs/heads/*:refs/heads/*'
Success: git -C C:/Users/mnb51/mtw/mtb_shared/abstraction-rtos/release-v1.7.1 config remote.origin.fetch 'refs/heads/*:refs/heads/*'
Starting: git -C C:/Users/mnb51/mtw/mtb_shared/lwip/STABLE-2_1_2_RELEASE config remote.origin.fetch 'refs/heads/*:refs/heads/*'
Success: git -C C:/Users/mnb51/mtw/mtb_shared/clib-support/release-v1.3.0 config remote.origin.fetch 'refs/heads/*:refs/heads/*'
Starting: git -C C:/Users/mnb51/mtw/mtb_shared/mbedtls/mbedtls-2.25.0 config remote.origin.fetch 'refs/heads/*:refs/heads/*'
Success: git -C C:/Users/mnb51/mtw/mtb_shared/connectivity-utilities/release-v4.1.1 config remote.origin.fetch 'refs/heads/*:refs/heads/*'
Starting: git -C C:/Users/mnb51/mtw/mtb_shared/secure-sockets/release-v3.2.1 config remote.origin.fetch 'refs/heads/*:refs/heads/*'
Success: git -C C:/Users/mnb51/mtw/mtb_shared/cy-mbedtls-acceleration/release-v1.5.0 config remote.origin.fetch 'refs/heads/*:refs/heads/*'
Starting: git -C C:/Users/mnb51/mtw/mtb_shared/whd-bsp-integration/release-v2.2.0 config remote.origin.fetch 'refs/heads/*:refs/heads/*'
Success: git -C C:/Users/mnb51/mtw/mtb_shared/freertos/release-v10.4.305 config remote.origin.fetch 'refs/heads/*:refs/heads/*'
Starting: git -C C:/Users/mnb51/mtw/mtb_shared/wifi-connection-manager/release-v3.1.0 config remote.origin.fetch 'refs/heads/*:refs/heads/*'
Success: git -C C:/Users/mnb51/mtw/mtb_shared/lwip-freertos-integration/release-v1.0.0 config remote.origin.fetch 'refs/heads/*:refs/heads/*'
Starting: git -C C:/Users/mnb51/mtw/mtb_shared/wifi-host-driver/release-v2.6.0 config remote.origin.fetch 'refs/heads/*:refs/heads/*'
Success: git -C C:/Users/mnb51/mtw/mtb_shared/lwip-network-interface-integration/release-v1.1.2 config remote.origin.fetch 'refs/heads/*:refs/heads/*'
Starting: git -C C:/Users/mnb51/mtw/mtb_shared/wpa3-external-supplicant/release-v1.1.0 config remote.origin.fetch 'refs/heads/*:refs/heads/*'
Success: git -C C:/Users/mnb51/mtw/mtb_shared/lwip/STABLE-2_1_2_RELEASE config remote.origin.fetch 'refs/heads/*:refs/heads/*'
Starting: git -C C:/Users/mnb51/mtw/mtb_shared/cat1cm0p/release-v1.0.0 config remote.origin.fetch 'refs/heads/*:refs/heads/*'
Success: git -C C:/Users/mnb51/mtw/mtb_shared/mbedtls/mbedtls-2.25.0 config remote.origin.fetch 'refs/heads/*:refs/heads/*'
Starting: git -C C:/Users/mnb51/mtw/mtb_shared/core-lib/release-v1.3.1 config remote.origin.fetch 'refs/heads/*:refs/heads/*'
Success: git -C C:/Users/mnb51/mtw/mtb_shared/secure-sockets/release-v3.2.1 config remote.origin.fetch 'refs/heads/*:refs/heads/*'
Starting: git -C C:/Users/mnb51/mtw/mtb_shared/core-make/release-v3.2.1 config remote.origin.fetch 'refs/heads/*:refs/heads/*'
Success: git -C C:/Users/mnb51/mtw/mtb_shared/whd-bsp-integration/release-v2.2.0 config remote.origin.fetch 'refs/heads/*:refs/heads/*'
Starting: git -C C:/Users/mnb51/mtw/mtb_shared/mtb-hal-cat1/release-v2.3.0 config remote.origin.fetch 'refs/heads/*:refs/heads/*'
Success: git -C C:/Users/mnb51/mtw/mtb_shared/wifi-connection-manager/release-v3.1.0 config remote.origin.fetch 'refs/heads/*:refs/heads/*'
Starting: git -C C:/Users/mnb51/mtw/mtb_shared/mtb-pdl-cat1/release-v3.3.1 config remote.origin.fetch 'refs/heads/*:refs/heads/*'
Success: git -C C:/Users/mnb51/mtw/mtb_shared/wifi-host-driver/release-v2.6.0 config remote.origin.fetch 'refs/heads/*:refs/heads/*'
Starting: git -C C:/Users/mnb51/mtw/mtb_shared/recipe-make-cat1a/release-v2.1.1 config remote.origin.fetch 'refs/heads/*:refs/heads/*'
Success: git -C C:/Users/mnb51/mtw/mtb_shared/wpa3-external-supplicant/release-v1.1.0 config remote.origin.fetch 'refs/heads/*:refs/heads/*'
Starting: git -C C:/Users/mnb51/mtw/mtb_shared/cmsis/release-v5.8.0 config remote.origin.fetch 'refs/heads/*:refs/heads/*'
Success: git -C C:/Users/mnb51/mtw/mtb_shared/cat1cm0p/release-v1.0.0 config remote.origin.fetch 'refs/heads/*:refs/heads/*'
Starting: git -C C:/Users/mnb51/mtw/mtb_shared/serial-flash/release-v1.3.0 fetch cypress --tags --force --quiet
Success: git -C C:/Users/mnb51/mtw/mtb_shared/core-lib/release-v1.3.1 config remote.origin.fetch 'refs/heads/*:refs/heads/*'
Starting: git -C C:/Users/mnb51/.modustoolbox/git/cache/git/https___github.com_cypresssemiconductorco_TARGET_CY8CKIT-062S2-43012/TARGET_CY8CKIT-062S2-43012 fetch --all --tags --force --quiet
Success: git -C C:/Users/mnb51/mtw/mtb_shared/core-make/release-v3.2.1 config remote.origin.fetch 'refs/heads/*:refs/heads/*'
Starting: git -C C:/Users/mnb51/mtw/mtb_shared/retarget-io/release-v1.4.0 fetch cypress --tags --force --quiet
Success: git -C C:/Users/mnb51/mtw/mtb_shared/mtb-hal-cat1/release-v2.3.0 config remote.origin.fetch 'refs/heads/*:refs/heads/*'
Starting: git -C C:/Users/mnb51/mtw/mtb_shared/wifi-core-freertos-lwip-mbedtls/release-v1.0.0 fetch cypress --tags --force --quiet
Success: git -C C:/Users/mnb51/mtw/mtb_shared/mtb-pdl-cat1/release-v3.3.1 config remote.origin.fetch 'refs/heads/*:refs/heads/*'
Starting: git -C C:/Users/mnb51/mtw/mtb_shared/abstraction-rtos/release-v1.7.1 fetch cypress --tags --force --quiet
Success: git -C C:/Users/mnb51/mtw/mtb_shared/recipe-make-cat1a/release-v2.1.1 config remote.origin.fetch 'refs/heads/*:refs/heads/*'
Starting: git -C C:/Users/mnb51/mtw/mtb_shared/clib-support/release-v1.3.0 fetch cypress --tags --force --quiet
Success: git -C C:/Users/mnb51/mtw/mtb_shared/cmsis/release-v5.8.0 config remote.origin.fetch 'refs/heads/*:refs/heads/*'
Starting: git -C C:/Users/mnb51/mtw/mtb_shared/connectivity-utilities/release-v4.1.1 fetch cypress --tags --force --quiet
Success: git -C C:/Users/mnb51/mtw/mtb_shared/retarget-io/release-v1.4.0 fetch cypress --tags --force --quiet
Starting: git -C C:/Users/mnb51/mtw/mtb_shared/cy-mbedtls-acceleration/release-v1.5.0 fetch cypress --tags --force --quiet
Success: git -C C:/Users/mnb51/mtw/mtb_shared/serial-flash/release-v1.3.0 fetch cypress --tags --force --quiet
Starting: git -C C:/Users/mnb51/mtw/mtb_shared/freertos/release-v10.4.305 fetch cypress --tags --force --quiet
Success: git -C C:/Users/mnb51/mtw/mtb_shared/wifi-core-freertos-lwip-mbedtls/release-v1.0.0 fetch cypress --tags --force --quiet
Starting: git -C C:/Users/mnb51/mtw/mtb_shared/lwip-freertos-integration/release-v1.0.0 fetch cypress --tags --force --quiet
Success: git -C C:/Users/mnb51/mtw/mtb_shared/clib-support/release-v1.3.0 fetch cypress --tags --force --quiet
Starting: git -C C:/Users/mnb51/mtw/mtb_shared/lwip-network-interface-integration/release-v1.1.2 fetch cypress --tags --force --quiet
Success: git -C C:/Users/mnb51/mtw/mtb_shared/abstraction-rtos/release-v1.7.1 fetch cypress --tags --force --quiet
Starting: git -C C:/Users/mnb51/mtw/mtb_shared/lwip/STABLE-2_1_2_RELEASE fetch cypress --tags --force --quiet
Success: git -C C:/Users/mnb51/mtw/mtb_shared/connectivity-utilities/release-v4.1.1 fetch cypress --tags --force --quiet
Starting: git -C C:/Users/mnb51/mtw/mtb_shared/mbedtls/mbedtls-2.25.0 fetch cypress --tags --force --quiet
Success: git -C C:/Users/mnb51/.modustoolbox/git/cache/git/https___github.com_cypresssemiconductorco_TARGET_CY8CKIT-062S2-43012/TARGET_CY8CKIT-062S2-43012 fetch --all --tags --force --quiet
Starting: git -C C:/Users/mnb51/mtw/mtb_shared/secure-sockets/release-v3.2.1 fetch cypress --tags --force --quiet
Success: git -C C:/Users/mnb51/mtw/mtb_shared/cy-mbedtls-acceleration/release-v1.5.0 fetch cypress --tags --force --quiet
Starting: git -C C:/Users/mnb51/mtw/mtb_shared/whd-bsp-integration/release-v2.2.0 fetch cypress --tags --force --quiet
Success: git -C C:/Users/mnb51/mtw/mtb_shared/freertos/release-v10.4.305 fetch cypress --tags --force --quiet
Starting: git -C C:/Users/mnb51/mtw/mtb_shared/wifi-connection-manager/release-v3.1.0 fetch cypress --tags --force --quiet
Success: git -C C:/Users/mnb51/mtw/mtb_shared/lwip-network-interface-integration/release-v1.1.2 fetch cypress --tags --force --quiet
Starting: git -C C:/Users/mnb51/mtw/mtb_shared/wifi-host-driver/release-v2.6.0 fetch cypress --tags --force --quiet
Success: git -C C:/Users/mnb51/mtw/mtb_shared/lwip-freertos-integration/release-v1.0.0 fetch cypress --tags --force --quiet
Starting: git -C C:/Users/mnb51/mtw/mtb_shared/wpa3-external-supplicant/release-v1.1.0 fetch cypress --tags --force --quiet
Success: git -C C:/Users/mnb51/mtw/mtb_shared/lwip/STABLE-2_1_2_RELEASE fetch cypress --tags --force --quiet
Starting: git -C C:/Users/mnb51/mtw/mtb_shared/cat1cm0p/release-v1.0.0 fetch cypress --tags --force --quiet
Success: git -C C:/Users/mnb51/mtw/mtb_shared/secure-sockets/release-v3.2.1 fetch cypress --tags --force --quiet
Starting: git -C C:/Users/mnb51/mtw/mtb_shared/core-lib/release-v1.3.1 fetch cypress --tags --force --quiet
Success: git -C C:/Users/mnb51/mtw/mtb_shared/wpa3-external-supplicant/release-v1.1.0 fetch cypress --tags --force --quiet
Starting: git -C C:/Users/mnb51/mtw/mtb_shared/core-make/release-v3.2.1 fetch cypress --tags --force --quiet
Success: git -C C:/Users/mnb51/mtw/mtb_shared/wifi-connection-manager/release-v3.1.0 fetch cypress --tags --force --quiet
Starting: git -C C:/Users/mnb51/mtw/mtb_shared/mtb-hal-cat1/release-v2.3.0 fetch cypress --tags --force --quiet
Success: git -C C:/Users/mnb51/mtw/mtb_shared/whd-bsp-integration/release-v2.2.0 fetch cypress --tags --force --quiet
Starting: git -C C:/Users/mnb51/mtw/mtb_shared/mtb-pdl-cat1/release-v3.3.1 fetch cypress --tags --force --quiet
Success: git -C C:/Users/mnb51/mtw/mtb_shared/wifi-host-driver/release-v2.6.0 fetch cypress --tags --force --quiet
Starting: git -C C:/Users/mnb51/mtw/mtb_shared/recipe-make-cat1a/release-v2.1.1 fetch cypress --tags --force --quiet
Success: git -C C:/Users/mnb51/mtw/mtb_shared/mbedtls/mbedtls-2.25.0 fetch cypress --tags --force --quiet
Starting: git -C C:/Users/mnb51/mtw/mtb_shared/cmsis/release-v5.8.0 fetch cypress --tags --force --quiet
Success: git -C C:/Users/mnb51/mtw/mtb_shared/cat1cm0p/release-v1.0.0 fetch cypress --tags --force --quiet
Starting: git -C C:/Users/mnb51/mtw/mtb_shared/retarget-io/release-v1.4.0 checkout release-v1.4.0
HEAD is now at 3072757 Upload retarget-io [123]
Success: git -C C:/Users/mnb51/mtw/mtb_shared/retarget-io/release-v1.4.0 checkout release-v1.4.0
Starting: git -C C:/Users/mnb51/mtw/mtb_shared/serial-flash/release-v1.3.0 checkout release-v1.3.0
Success: git -C C:/Users/mnb51/mtw/mtb_shared/core-lib/release-v1.3.1 fetch cypress --tags --force --quiet
Starting: git -C C:/Users/mnb51/mtw/mtb_shared/wifi-core-freertos-lwip-mbedtls/release-v1.0.0 checkout release-v1.0.0
HEAD is now at be86442 Upload wifi-core-freertos-lwip-mbedtls 1.0.0.67
Success: git -C C:/Users/mnb51/mtw/mtb_shared/wifi-core-freertos-lwip-mbedtls/release-v1.0.0 checkout release-v1.0.0
Starting: git -C C:/Users/mnb51/mtw/mtb_shared/clib-support/release-v1.3.0 checkout release-v1.3.0
Success: git -C C:/Users/mnb51/mtw/mtb_shared/core-make/release-v3.2.1 fetch cypress --tags --force --quiet
Starting: git -C C:/Users/mnb51/mtw/mtb_shared/abstraction-rtos/release-v1.7.1 checkout release-v1.7.1
HEAD is now at c7b55aa Upload serial-flash 1.3.0.27308
Success: git -C C:/Users/mnb51/mtw/mtb_shared/serial-flash/release-v1.3.0 checkout release-v1.3.0
Starting: git -C C:/Users/mnb51/mtw/mtb_shared/connectivity-utilities/release-v4.1.1 checkout release-v4.1.1
Success: git -C C:/Users/mnb51/mtw/mtb_shared/mtb-hal-cat1/release-v2.3.0 fetch cypress --tags --force --quiet
Starting: git -C C:/Users/mnb51/mtw/YT_WIFI_DEMO/libs clone --origin cypress --no-checkout C:/Users/mnb51/.modustoolbox/git/cache/git/https___github.com_cypresssemiconductorco_TARGET_CY8CKIT-062S2-43012/TARGET_CY8CKIT-062S2-43012 TARGET_CY8CKIT-062S2-43012
HEAD is now at d3e0bca Upload clib-support 1.3.0.29736
Success: git -C C:/Users/mnb51/mtw/mtb_shared/clib-support/release-v1.3.0 checkout release-v1.3.0
Starting: git -C C:/Users/mnb51/mtw/mtb_shared/cy-mbedtls-acceleration/release-v1.5.0 checkout release-v1.5.0
Cloning into 'TARGET_CY8CKIT-062S2-43012'...
Success: git -C C:/Users/mnb51/mtw/mtb_shared/recipe-make-cat1a/release-v2.1.1 fetch cypress --tags --force --quiet
Starting: git -C C:/Users/mnb51/mtw/mtb_shared/freertos/release-v10.4.305 checkout release-v10.4.305
HEAD is now at 6c124c2 Upload cy-mbedtls-acceleration 1.5.0.1040 [982]
Success: git -C C:/Users/mnb51/mtw/mtb_shared/cy-mbedtls-acceleration/release-v1.5.0 checkout release-v1.5.0
Starting: git -C C:/Users/mnb51/mtw/mtb_shared/lwip-network-interface-integration/release-v1.1.2 checkout release-v1.1.2
done.
Success: git -C C:/Users/mnb51/mtw/YT_WIFI_DEMO/libs clone --origin cypress --no-checkout C:/Users/mnb51/.modustoolbox/git/cache/git/https___github.com_cypresssemiconductorco_TARGET_CY8CKIT-062S2-43012/TARGET_CY8CKIT-062S2-43012 TARGET_CY8CKIT-062S2-43012
Starting: git -C C:/Users/mnb51/mtw/mtb_shared/lwip-freertos-integration/release-v1.0.0 checkout release-v1.0.0
Success: git -C C:/Users/mnb51/mtw/mtb_shared/mtb-pdl-cat1/release-v3.3.1 fetch cypress --tags --force --quiet
Starting: git -C C:/Users/mnb51/mtw/mtb_shared/lwip/STABLE-2_1_2_RELEASE checkout STABLE-2_1_2_RELEASE
Success: git -C C:/Users/mnb51/mtw/mtb_shared/cmsis/release-v5.8.0 fetch cypress --tags --force --quiet
Starting: git -C C:/Users/mnb51/mtw/mtb_shared/secure-sockets/release-v3.2.1 checkout release-v3.2.1
HEAD is now at 72bc31c Upload abstraction-rtos [404]
Success: git -C C:/Users/mnb51/mtw/mtb_shared/abstraction-rtos/release-v1.7.1 checkout release-v1.7.1
Starting: git -C C:/Users/mnb51/mtw/mtb_shared/wpa3-external-supplicant/release-v1.1.0 checkout release-v1.1.0
HEAD is now at 085ab13 Upload freertos 10.4.305.482 [103]
Success: git -C C:/Users/mnb51/mtw/mtb_shared/freertos/release-v10.4.305 checkout release-v10.4.305
Starting: git -C C:/Users/mnb51/mtw/mtb_shared/wifi-connection-manager/release-v3.1.0 checkout release-v3.1.0
HEAD is now at f4797e9 Upload lwip-freertos-integration 1.0.0.19
Success: git -C C:/Users/mnb51/mtw/mtb_shared/lwip-freertos-integration/release-v1.0.0 checkout release-v1.0.0
Starting: git -C C:/Users/mnb51/mtw/mtb_shared/whd-bsp-integration/release-v2.2.0 checkout release-v2.2.0
HEAD is now at ca71f1d Upload wpa3-external-supplicant 1.1.0.98
Success: git -C C:/Users/mnb51/mtw/mtb_shared/wpa3-external-supplicant/release-v1.1.0 checkout release-v1.1.0
Starting: git -C C:/Users/mnb51/mtw/mtb_shared/wifi-host-driver/release-v2.6.0 checkout release-v2.6.0
HEAD is now at 1186239 Upload connectivity-utilities 4.1.1.1360 [999]
HEAD is now at 159e31b6 Prepare 2.1.2 release
Success: git -C C:/Users/mnb51/mtw/mtb_shared/lwip/STABLE-2_1_2_RELEASE checkout STABLE-2_1_2_RELEASE
Starting: git -C C:/Users/mnb51/mtw/mtb_shared/mbedtls/mbedtls-2.25.0 checkout mbedtls-2.25.0
Success: git -C C:/Users/mnb51/mtw/mtb_shared/connectivity-utilities/release-v4.1.1 checkout release-v4.1.1
Starting: git -C C:/Users/mnb51/mtw/mtb_shared/cat1cm0p/release-v1.0.0 checkout release-v1.0.0
HEAD is now at e51b176 Upload lwip-network-interface-integration 1.1.2.268 [1085]
Success: git -C C:/Users/mnb51/mtw/mtb_shared/lwip-network-interface-integration/release-v1.1.2 checkout release-v1.1.2
Starting: git -C C:/Users/mnb51/mtw/mtb_shared/core-lib/release-v1.3.1 checkout release-v1.3.1
HEAD is now at a63f9d3 Upload whd-bsp-integration [990]
Success: git -C C:/Users/mnb51/mtw/mtb_shared/whd-bsp-integration/release-v2.2.0 checkout release-v2.2.0
Starting: git -C C:/Users/mnb51/mtw/mtb_shared/core-make/release-v3.2.1 checkout release-v3.2.1
HEAD is now at b3d4b82 Upload cat1cm0p 1.0.0.148
Success: git -C C:/Users/mnb51/mtw/mtb_shared/cat1cm0p/release-v1.0.0 checkout release-v1.0.0
Starting: git -C C:/Users/mnb51/mtw/mtb_shared/mtb-hal-cat1/release-v2.3.0 checkout release-v2.3.0
HEAD is now at 1c1cb8a Upload core-lib 1.3.1.29660
HEAD is now at 9f77900 Upload core-make 3.2.1.4648 [1380]
Success: git -C C:/Users/mnb51/mtw/mtb_shared/core-lib/release-v1.3.1 checkout release-v1.3.1
Starting: git -C C:/Users/mnb51/mtw/mtb_shared/recipe-make-cat1a/release-v2.1.1 checkout release-v2.1.1
Success: git -C C:/Users/mnb51/mtw/mtb_shared/core-make/release-v3.2.1 checkout release-v3.2.1
Starting: git -C C:/Users/mnb51/mtw/YT_WIFI_DEMO/libs/TARGET_CY8CKIT-062S2-43012 checkout release-v4.1.0
HEAD is now at 07032e5 Upload secure-sockets 3.2.1.2415 [999]
Success: git -C C:/Users/mnb51/mtw/mtb_shared/secure-sockets/release-v3.2.1 checkout release-v3.2.1
Starting: git -C C:/Users/mnb51/mtw/mtb_shared/mtb-pdl-cat1/release-v3.3.1 checkout release-v3.3.1
HEAD is now at 9cbdee3 Upload recipe-make-cat1a 2.1.1.4648 [1380]
Success: git -C C:/Users/mnb51/mtw/mtb_shared/recipe-make-cat1a/release-v2.1.1 checkout release-v2.1.1
Starting: git -C C:/Users/mnb51/mtw/mtb_shared/cmsis/release-v5.8.0 checkout release-v5.8.0
HEAD is now at 513bd0f Upload wifi-connection-manager 3.1.0.1923 [999]
Success: git -C C:/Users/mnb51/mtw/mtb_shared/wifi-connection-manager/release-v3.1.0 checkout release-v3.1.0
HEAD is now at
 1c54b5410 Merge pull request #786 from ARMmbed/dev/yanesca/mbedtls-2.25.0r0-pr
Success: git -C C:/Users/mnb51/mtw/mtb_shared/mbedtls/mbedtls-2.25.0 checkout mbedtls-2.25.0
HEAD is now at b62baf5 Upload mtb-hal-cat1 [990]
Success: git -C C:/Users/mnb51/mtw/mtb_shared/mtb-hal-cat1/release-v2.3.0 checkout release-v2.3.0
HEAD is now at 8ed7d45 Upload mtb-pdl-cat1 3.3.1.23506 [1188]
Success: git -C C:/Users/mnb51/mtw/mtb_shared/mtb-pdl-cat1/release-v3.3.1 checkout release-v3.3.1
HEAD is now at ce02f64 Upload cmsis 5.8.0.50
Success: git -C C:/Users/mnb51/mtw/mtb_shared/cmsis/release-v5.8.0 checkout release-v5.8.0
Note: switching to 'release-v4.1.0'.

You are in 'detached HEAD' state. You can look around, make experimental
changes and commit them, and you can discard any commits you make in this
state without impacting any branches by switching back to a branch.

If you want to create a new branch to retain commits you create, you may
do so (now or later) by using -c with the switch command. Example:

  git switch -c <new-branch-name>

Or undo this operation with:

  git switch -

Turn off this advice by setting config variable advice.detachedHead to false

HEAD is now at 6a80899 Upload TARGET_CY8CKIT-062S2-43012 [347]
Success: git -C C:/Users/mnb51/mtw/YT_WIFI_DEMO/libs/TARGET_CY8CKIT-062S2-43012 checkout release-v4.1.0
Starting: git -C C:/Users/mnb51/mtw/YT_WIFI_DEMO/libs/TARGET_CY8CKIT-062S2-43012 remote set-url cypress https://github.com/cypresssemiconductorco/TARGET_CY8CKIT-062S2-43012
Success: git -C C:/Users/mnb51/mtw/YT_WIFI_DEMO/libs/TARGET_CY8CKIT-062S2-43012 remote set-url cypress https://github.com/cypresssemiconductorco/TARGET_CY8CKIT-062S2-43012
Starting: git -C C:/Users/mnb51/mtw/YT_WIFI_DEMO/libs/TARGET_CY8CKIT-062S2-43012 remote set-url --push cypress https://github.com/cypresssemiconductorco/TARGET_CY8CKIT-062S2-43012
Success: git -C C:/Users/mnb51/mtw/YT_WIFI_DEMO/libs/TARGET_CY8CKIT-062S2-43012 remote set-url --push cypress https://github.com/cypresssemiconductorco/TARGET_CY8CKIT-062S2-43012
Starting: git -C C:/Users/mnb51/mtw/YT_WIFI_DEMO/libs/TARGET_CY8CKIT-062S2-43012 remote add cypress-offline C:/Users/mnb51/.modustoolbox/offline/git/https___github.com_cypresssemiconductorco_TARGET_CY8CKIT-062S2-43012/TARGET_CY8CKIT-062S2-43012
Success: git -C C:/Users/mnb51/mtw/YT_WIFI_DEMO/libs/TARGET_CY8CKIT-062S2-43012 remote add cypress-offline C:/Users/mnb51/.modustoolbox/offline/git/https___github.com_cypresssemiconductorco_TARGET_CY8CKIT-062S2-43012/TARGET_CY8CKIT-062S2-43012
HEAD is now at c04fcbb Upload wifi-host-driver 2.6.0.18446 [997]
Success: git -C C:/Users/mnb51/mtw/mtb_shared/wifi-host-driver/release-v2.6.0 checkout release-v2.6.0
Requested to change the active target to 'APP_CY8CKIT-062S2-43012'.
Removed the file 'C:/Users/mnb51/mtw/YT_WIFI_DEMO/deps/TARGET_CY8CKIT-062S2-43012.mtb'.
Writing the file 'C:/Users/mnb51/mtw/YT_WIFI_DEMO/libs/app.mk'.
Successfully committed changes to the project 'mtb-example-wifi-tcp-client'.
Project "YT_WIFI_DEMO" created successfully.
Successfully created "YT_WIFI_DEMO" application.
WARNING:'C:/Users/mnb51/mtw/YT_WIFI_DEMO' contains template configuration files for some BSPs but not for 'TARGET_CY8CKIT-062S2-43012'. Therefore, manual configuration of the chosen BSP is likely required for the application to function as intended.
==============================================================================
= Export "YT_WIFI_DEMO" application to Eclipse IDE for ModusToolbox™ =
==============================================================================
C:/Users/mnb51/ModusToolbox/tools_3.0/modus-shell/bin/make.exe eclipse CY_IDE_PRJNAME=YT_WIFI_DEMO CY_MAKE_IDE=eclipse CY_MAKE_IDE_VERSION=3.0 CY_TOOLS_PATHS=C:/Users/mnb51/ModusToolbox/tools_3.0 MTB_MAKE_ECLIPSE_FORCE_REGENERATE_PROJECT=1
Tools Directory: C:/Users/mnb51/ModusToolbox/tools_3.0
Searching installed tools in progress...
Searching installed tools complete


Initializing build: mtb-example-wifi-tcp-client Debug APP_CY8CKIT-062S2-43012 GCC_ARM

Prebuild operations complete

Auto-discovery in progress...
Auto-discovery complete
Commencing build operations...

Tools Directory: C:/Users/mnb51/ModusToolbox/tools_3.0

Constructing build rules...
Build rules construction complete

==============================================================================
= Generating IDE files =
==============================================================================
Generated C:/Users/mnb51/mtw/YT_WIFI_DEMO/.mtbLaunchConfigs/YT_WIFI_DEMO Attach (JLink).launch
Generated C:/Users/mnb51/mtw/YT_WIFI_DEMO/.mtbLaunchConfigs/YT_WIFI_DEMO Attach (KitProg3_MiniProg4).launch
Generated C:/Users/mnb51/mtw/YT_WIFI_DEMO/.mtbLaunchConfigs/YT_WIFI_DEMO Debug (JLink).launch
Generated C:/Users/mnb51/mtw/YT_WIFI_DEMO/.mtbLaunchConfigs/YT_WIFI_DEMO Debug (KitProg3_MiniProg4).launch
Generated C:/Users/mnb51/mtw/YT_WIFI_DEMO/.mtbLaunchConfigs/YT_WIFI_DEMO Erase (JLink).launch
Generated C:/Users/mnb51/mtw/YT_WIFI_DEMO/.mtbLaunchConfigs/YT_WIFI_DEMO Erase (KitProg3_MiniProg4).launch
Generated C:/Users/mnb51/mtw/YT_WIFI_DEMO/.mtbLaunchConfigs/YT_WIFI_DEMO Program (JLink).launch
Generated C:/Users/mnb51/mtw/YT_WIFI_DEMO/.mtbLaunchConfigs/YT_WIFI_DEMO Program (KitProg3_MiniProg4).launch
Generated C:/Users/mnb51/mtw/YT_WIFI_DEMO/.project
Generated C:/Users/mnb51/mtw/YT_WIFI_DEMO/.cproject
Instructions:
1. Open Eclipse IDE for ModusToolbox
2. Select 'Import Existing Application In-Place' from the QuickPanel
3. Browse to the application root directory
The application "YT_WIFI_DEMO" was successfully exported to Eclipse IDE for ModusToolbox™.
0 error(s), 1 warning(s)

Summary:

Successfully created and exported "YT_WIFI_DEMO" application.
